<?xml version="1.0" encoding="UTF-8"?>
<persistence xmlns="http://java.sun.com/xml/ns/persistence"
	xmlns:xsi="http://www.w3.org/2001/XMLSchema-instance"
	xsi:schemaLocation="http://java.sun.com/xml/ns/persistence http://java.sun.com/xml/ns/persistence/persistence_2_0.xsd"
	version="2.0">
	<persistence-unit name="hibernatePersistence">
		<provider>org.hibernate.ejb.HibernatePersistence</provider>
		
		<properties>
			<property name="hibernate.dialect" value="org.hibernate.dialect.MySQLDialect" />
			<property name="hibernate.show_sql" value="false" />
			<property name="hibernate.cache.provider_class" value="org.hibernate.cache.HashtableCacheProvider" />
			<property name="hibernate.jdbc.batch_size" value="30" />
			<property name="hibernate.max_fetch_depth" value="30" />
			<property name="hibernate.ejb.naming_strategy" value="org.hibernate.cfg.ImprovedNamingStrategy"/>
		</properties>
	</persistence-unit>

</persistence>