<?xml version="1.0" encoding="UTF-8"?>
<beans xmlns="http://www.springframework.org/schema/beans"
	xmlns:xsi="http://www.w3.org/2001/XMLSchema-instance"
	xmlns:context="http://www.springframework.org/schema/context"
	xmlns:tx="http://www.springframework.org/schema/tx"
	xmlns:jpa="http://www.springframework.org/schema/data/jpa"
	xmlns:jdbc="http://www.springframework.org/schema/jdbc"
	xsi:schemaLocation="
		http://www.springframework.org/schema/beans	http://www.springframework.org/schema/beans/spring-beans-3.0.xsd
		http://www.springframework.org/schema/context http://www.springframework.org/schema/context/spring-context-3.0.xsd
		http://www.springframework.org/schema/tx http://www.springframework.org/schema/tx/spring-tx-3.0.xsd
		http://www.springframework.org/schema/data/jpa http://www.springframework.org/schema/data/jpa/spring-jpa.xsd
		http://www.springframework.org/schema/jdbc http://www.springframework.org/schema/jdbc/spring-jdbc-3.0.xsd">

	<context:component-scan base-package="rename" />
	
	<jpa:repositories base-package="rename.repository" />

	<!-- DataSource: hsqldb file -->
	<bean id="myDataSource" class="org.apache.commons.dbcp.BasicDataSource">
		<property name="driverClassName" value="org.hsqldb.jdbcDriver" />
		<property name="url" value="jdbc:hsqldb:mem:testdb;sql.syntax_pgs=true" />
		<property name="username" value="sa" />
		<property name="password" value="" />
		<property name="maxActive" value="8" />
		<property name="maxWait" value="5000" />
	</bean>
	
	<!-- JPA -->
	<bean id="entityManagerFactory" class="org.springframework.orm.jpa.LocalContainerEntityManagerFactoryBean">
	  	<property name="dataSource" ref="myDataSource" />
	  	<property name="jpaVendorAdapter">
	    	<bean class="org.springframework.orm.jpa.vendor.HibernateJpaVendorAdapter" />
	  	</property>
		<property name="persistenceXmlLocation" value="classpath:test-hibernate-persistence.xml" />
		<property name="packagesToScan">
			<list><value>rename.model</value></list>
		</property>
		<property name="jpaProperties">
	        <props> <prop key="hibernate.hbm2ddl.auto">create-drop</prop> </props>
	    </property>
	</bean>

	<!-- Transaction management -->
	<tx:annotation-driven />
	
	<bean class="org.springframework.orm.jpa.JpaTransactionManager" id="transactionManager">
	  <property name="entityManagerFactory" ref="entityManagerFactory" />
	  <property name="jpaDialect">
	  	<bean class="org.springframework.orm.jpa.vendor.HibernateJpaDialect" />
	  </property>
	</bean>
	
	<!-- Test Data -->
	<jdbc:initialize-database data-source="myDataSource">
		<jdbc:script location="classpath:rename/hsqldb/*.sql" />
	</jdbc:initialize-database>

</beans>
